#
# There is insufficient memory for the Java Runtime Environment to continue.
# Native memory allocation (malloc) failed to allocate 1060496 bytes for Chunk::new
# Possible reasons:
#   The system is out of physical RAM or swap space
#   The process is running with CompressedOops enabled, and the Java Heap may be blocking the growth of the native heap
# Possible solutions:
#   Reduce memory load on the system
#   Increase physical memory or swap space
#   Check if swap backing store is full
#   Decrease Java heap size (-Xmx/-Xms)
#   Decrease number of Java threads
#   Decrease Java thread stack sizes (-Xss)
#   Set larger code cache with -XX:ReservedCodeCacheSize=
#   JVM is running with Unscaled Compressed Oops mode in which the Java heap is
#     placed in the first 4GB address space. The Java Heap base address is the
#     maximum limit for the native heap growth. Please use -XX:HeapBaseMinAddress
#     to set the Java Heap base and to place the Java Heap above 4GB virtual address.
# This output file may be truncated or incomplete.
#
#  Out of Memory Error (arena.cpp:189), pid=364, tid=1912
#
# JRE version: OpenJDK Runtime Environment Microsoft-8035246 (17.0.8+7) (build 17.0.8+7-LTS)
# Java VM: OpenJDK 64-Bit Server VM Microsoft-8035246 (17.0.8+7-LTS, mixed mode, sharing, tiered, compressed oops, compressed class ptrs, g1 gc, windows-amd64)
# No core dump will be written. Minidumps are not enabled by default on client versions of Windows
#

---------------  S U M M A R Y ------------

Command Line: -XX:MaxMetaspaceSize=512m --add-opens=java.base/java.util=ALL-UNNAMED --add-opens=java.base/java.lang=ALL-UNNAMED --add-opens=java.base/java.lang.invoke=ALL-UNNAMED --add-opens=java.prefs/java.util.prefs=ALL-UNNAMED --add-opens=java.base/java.nio.charset=ALL-UNNAMED --add-opens=java.base/java.net=ALL-UNNAMED --add-opens=java.base/java.util.concurrent.atomic=ALL-UNNAMED -Xmx2048m -Dfile.encoding=windows-1252 -Duser.country=US -Duser.language=en -Duser.variant -javaagent:C:\Users\semin\.gradle\wrapper\dists\gradle-8.3-all\6en3ugtfdg5xnpx44z4qbwgas\gradle-8.3\lib\agents\gradle-instrumentation-agent-8.3.jar org.gradle.launcher.daemon.bootstrap.GradleDaemon 8.3

Host: 11th Gen Intel(R) Core(TM) i5-11400H @ 2.70GHz, 12 cores, 7G,  Windows 11 , 64 bit Build 22621 (10.0.22621.2506)
Time: Mon Jan 15 21:15:11 2024 SE Asia Standard Time elapsed time: 15.283514 seconds (0d 0h 0m 15s)

---------------  T H R E A D  ---------------

Current thread (0x00000185bbeea220):  JavaThread "C2 CompilerThread1" daemon [_thread_in_native, id=1912, stack(0x0000002f88c00000,0x0000002f88d00000)]


Current CompileTask:
C2:  15283 7214       4       sun.reflect.generics.parser.SignatureParser::parsePackageNameAndSimpleClassTypeSignature (119 bytes)

Stack: [0x0000002f88c00000,0x0000002f88d00000]
Native frames: (J=compiled Java code, j=interpreted, Vv=VM code, C=native code)
V  [jvm.dll+0x67bf3a]
V  [jvm.dll+0x83a024]
V  [jvm.dll+0x83b7ce]
V  [jvm.dll+0x83be33]
V  [jvm.dll+0x24785f]
V  [jvm.dll+0xac3bc]
V  [jvm.dll+0xac98c]
V  [jvm.dll+0x3680b2]
V  [jvm.dll+0x1bd6d8]
V  [jvm.dll+0x21a289]
V  [jvm.dll+0x219551]
V  [jvm.dll+0x1a56b6]
V  [jvm.dll+0x2291ea]
V  [jvm.dll+0x22724c]
V  [jvm.dll+0x7efd0c]
V  [jvm.dll+0x7ea13a]
V  [jvm.dll+0x67ad85]
C  [ucrtbase.dll+0x29363]
C  [KERNEL32.DLL+0x1257d]
C  [ntdll.dll+0x5aa58]


---------------  P R O C E S S  ---------------

Threads class SMR info:
_java_thread_list=0x00000185be32afe0, length=64, elements={
0x00000185fb9a19a0, 0x00000185ff7feff0, 0x00000185ff7ffac0, 0x00000185ff814d70,
0x00000185ff815740, 0x00000185ff818220, 0x00000185ff81cb10, 0x00000185ff827df0,
0x00000185ff8487c0, 0x00000185ff84c5d0, 0x000001859ac33010, 0x000001859ad15b60,
0x00000185bb7cdf30, 0x00000185bb053b60, 0x00000185bbb0e3b0, 0x00000185bb563c20,
0x00000185baca5c80, 0x00000185baf4e9d0, 0x00000185baf4cb70, 0x00000185baf4c660,
0x00000185baf4d080, 0x00000185baf4dfb0, 0x00000185baf4d590, 0x00000185baf4daa0,
0x00000185baf4eee0, 0x00000185baf4f3f0, 0x00000185baf4bc40, 0x00000185baf4c150,
0x00000185bc19cf00, 0x00000185bc197e00, 0x00000185bc199c60, 0x00000185bc19de30,
0x00000185bc19a680, 0x00000185bc198d30, 0x00000185bc19c4e0, 0x00000185bc199750,
0x00000185bc19b5b0, 0x00000185bc198820, 0x00000185bc19d410, 0x00000185bc19bac0,
0x00000185bc19e340, 0x00000185bc19bfd0, 0x00000185bc19d920, 0x00000185bc19c9f0,
0x00000185bc19a170, 0x00000185bc196ed0, 0x00000185bc19e850, 0x00000185bc19ab90,
0x00000185bc1973e0, 0x00000185bd1766d0, 0x00000185bd179e80, 0x00000185bd17adb0,
0x00000185bd17b7d0, 0x00000185bd179970, 0x00000185bd17a8a0, 0x00000185bd17b2c0,
0x00000185bd176be0, 0x00000185bd17bce0, 0x00000185bd1770f0, 0x00000185bd17cc10,
0x00000185bd178020, 0x00000185bd17c1f0, 0x00000185bd17a390, 0x00000185bbeea220
}

Java Threads: ( => current thread )
  0x00000185fb9a19a0 JavaThread "main" [_thread_blocked, id=9668, stack(0x0000002f83a00000,0x0000002f83b00000)]
  0x00000185ff7feff0 JavaThread "Reference Handler" daemon [_thread_blocked, id=1136, stack(0x0000002f84100000,0x0000002f84200000)]
  0x00000185ff7ffac0 JavaThread "Finalizer" daemon [_thread_blocked, id=1140, stack(0x0000002f84200000,0x0000002f84300000)]
  0x00000185ff814d70 JavaThread "Signal Dispatcher" daemon [_thread_blocked, id=24652, stack(0x0000002f84300000,0x0000002f84400000)]
  0x00000185ff815740 JavaThread "Attach Listener" daemon [_thread_blocked, id=21884, stack(0x0000002f84400000,0x0000002f84500000)]
  0x00000185ff818220 JavaThread "Service Thread" daemon [_thread_blocked, id=21388, stack(0x0000002f84500000,0x0000002f84600000)]
  0x00000185ff81cb10 JavaThread "Monitor Deflation Thread" daemon [_thread_blocked, id=19600, stack(0x0000002f84600000,0x0000002f84700000)]
  0x00000185ff827df0 JavaThread "C2 CompilerThread0" daemon [_thread_in_native, id=6008, stack(0x0000002f84700000,0x0000002f84800000)]
  0x00000185ff8487c0 JavaThread "C1 CompilerThread0" daemon [_thread_in_vm, id=14584, stack(0x0000002f84800000,0x0000002f84900000)]
  0x00000185ff84c5d0 JavaThread "Sweeper thread" daemon [_thread_blocked, id=10692, stack(0x0000002f84900000,0x0000002f84a00000)]
  0x000001859ac33010 JavaThread "Common-Cleaner" daemon [_thread_blocked, id=12152, stack(0x0000002f84a00000,0x0000002f84b00000)]
  0x000001859ad15b60 JavaThread "Notification Thread" daemon [_thread_blocked, id=9448, stack(0x0000002f84b00000,0x0000002f84c00000)]
  0x00000185bb7cdf30 JavaThread "Daemon health stats" [_thread_blocked, id=15892, stack(0x0000002f85200000,0x0000002f85300000)]
  0x00000185bb053b60 JavaThread "Incoming local TCP Connector on port 56814" [_thread_in_native, id=18928, stack(0x0000002f85300000,0x0000002f85400000)]
  0x00000185bbb0e3b0 JavaThread "Daemon periodic checks" [_thread_blocked, id=21128, stack(0x0000002f85400000,0x0000002f85500000)]
  0x00000185bb563c20 JavaThread "Daemon" [_thread_blocked, id=10348, stack(0x0000002f85500000,0x0000002f85600000)]
  0x00000185baca5c80 JavaThread "Handler for socket connection from /127.0.0.1:56814 to /127.0.0.1:56815" [_thread_in_native, id=808, stack(0x0000002f85600000,0x0000002f85700000)]
  0x00000185baf4e9d0 JavaThread "Cancel handler" [_thread_blocked, id=8464, stack(0x0000002f85700000,0x0000002f85800000)]
  0x00000185baf4cb70 JavaThread "Daemon worker" [_thread_in_native, id=3928, stack(0x0000002f85800000,0x0000002f85900000)]
  0x00000185baf4c660 JavaThread "Asynchronous log dispatcher for DefaultDaemonConnection: socket connection from /127.0.0.1:56814 to /127.0.0.1:56815" [_thread_blocked, id=24160, stack(0x0000002f85900000,0x0000002f85a00000)]
  0x00000185baf4d080 JavaThread "Stdin handler" [_thread_blocked, id=13468, stack(0x0000002f85a00000,0x0000002f85b00000)]
  0x00000185baf4dfb0 JavaThread "Daemon client event forwarder" [_thread_blocked, id=21412, stack(0x0000002f85b00000,0x0000002f85c00000)]
  0x00000185baf4d590 JavaThread "Cache worker for journal cache (C:\Users\semin\.gradle\caches\journal-1)" [_thread_blocked, id=24164, stack(0x0000002f85c00000,0x0000002f85d00000)]
  0x00000185baf4daa0 JavaThread "File lock request listener" [_thread_in_native, id=16772, stack(0x0000002f85d00000,0x0000002f85e00000)]
  0x00000185baf4eee0 JavaThread "Cache worker for file hash cache (C:\Users\semin\.gradle\caches\8.3\fileHashes)" [_thread_blocked, id=20560, stack(0x0000002f85e00000,0x0000002f85f00000)]
  0x00000185baf4f3f0 JavaThread "File watcher server" daemon [_thread_in_native, id=19072, stack(0x0000002f86400000,0x0000002f86500000)]
  0x00000185baf4bc40 JavaThread "File watcher consumer" daemon [_thread_blocked, id=6296, stack(0x0000002f86500000,0x0000002f86600000)]
  0x00000185baf4c150 JavaThread "Cache worker for checksums cache (C:\Users\semin\AplikasiLaundry\android\.gradle\8.3\checksums)" [_thread_blocked, id=12408, stack(0x0000002f86600000,0x0000002f86700000)]
  0x00000185bc19cf00 JavaThread "Cache worker for file hash cache (C:\Users\semin\AplikasiLaundry\android\.gradle\8.3\fileHashes)" [_thread_blocked, id=18184, stack(0x0000002f86700000,0x0000002f86800000)]
  0x00000185bc197e00 JavaThread "Cache worker for cache directory md-supplier (C:\Users\semin\.gradle\caches\8.3\md-supplier)" [_thread_blocked, id=12236, stack(0x0000002f86800000,0x0000002f86900000)]
  0x00000185bc199c60 JavaThread "Cache worker for file content cache (C:\Users\semin\.gradle\caches\8.3\fileContent)" [_thread_blocked, id=17864, stack(0x0000002f86900000,0x0000002f86a00000)]
  0x00000185bc19de30 JavaThread "Cache worker for cache directory md-rule (C:\Users\semin\.gradle\caches\8.3\md-rule)" [_thread_blocked, id=19036, stack(0x0000002f86c00000,0x0000002f86d00000)]
  0x00000185bc19a680 JavaThread "Cache worker for execution history cache (C:\Users\semin\.gradle\caches\8.3\executionHistory)" [_thread_blocked, id=9532, stack(0x0000002f86d00000,0x0000002f86e00000)]
  0x00000185bc198d30 JavaThread "jar transforms" [_thread_blocked, id=11608, stack(0x0000002f86e00000,0x0000002f86f00000)]
  0x00000185bc19c4e0 JavaThread "jar transforms Thread 2" [_thread_blocked, id=22844, stack(0x0000002f86f00000,0x0000002f87000000)]
  0x00000185bc199750 JavaThread "jar transforms Thread 3" [_thread_blocked, id=7788, stack(0x0000002f87000000,0x0000002f87100000)]
  0x00000185bc19b5b0 JavaThread "jar transforms Thread 4" [_thread_blocked, id=20352, stack(0x0000002f87100000,0x0000002f87200000)]
  0x00000185bc198820 JavaThread "Cache worker for kotlin-dsl (C:\Users\semin\.gradle\caches\8.3\kotlin-dsl)" [_thread_blocked, id=11944, stack(0x0000002f87200000,0x0000002f87300000)]
  0x00000185bc19d410 JavaThread "jar transforms Thread 5" [_thread_blocked, id=19688, stack(0x0000002f87300000,0x0000002f87400000)]
  0x00000185bc19bac0 JavaThread "jar transforms Thread 6" [_thread_blocked, id=5216, stack(0x0000002f87400000,0x0000002f87500000)]
  0x00000185bc19e340 JavaThread "Unconstrained build operations" [_thread_blocked, id=19156, stack(0x0000002f87600000,0x0000002f87700000)]
  0x00000185bc19bfd0 JavaThread "Unconstrained build operations Thread 2" [_thread_blocked, id=12536, stack(0x0000002f87700000,0x0000002f87800000)]
  0x00000185bc19d920 JavaThread "jar transforms Thread 7" [_thread_blocked, id=3520, stack(0x0000002f87800000,0x0000002f87900000)]
  0x00000185bc19c9f0 JavaThread "jar transforms Thread 8" [_thread_blocked, id=13956, stack(0x0000002f87900000,0x0000002f87a00000)]
  0x00000185bc19a170 JavaThread "jar transforms Thread 9" [_thread_blocked, id=10176, stack(0x0000002f87a00000,0x0000002f87b00000)]
  0x00000185bc196ed0 JavaThread "jar transforms Thread 10" [_thread_blocked, id=7056, stack(0x0000002f87b00000,0x0000002f87c00000)]
  0x00000185bc19e850 JavaThread "jar transforms Thread 11" [_thread_blocked, id=3264, stack(0x0000002f87c00000,0x0000002f87d00000)]
  0x00000185bc19ab90 JavaThread "jar transforms Thread 12" [_thread_blocked, id=10576, stack(0x0000002f87d00000,0x0000002f87e00000)]
  0x00000185bc1973e0 JavaThread "Cache worker for dependencies-accessors (C:\Users\semin\AplikasiLaundry\android\.gradle\8.3\dependencies-accessors)" [_thread_blocked, id=4184, stack(0x0000002f87e00000,0x0000002f87f00000)]
  0x00000185bd1766d0 JavaThread "Cache worker for Build Output Cleanup Cache (C:\Users\semin\AplikasiLaundry\node_modules\@react-native\gradle-plugin\.gradle\buildOutputCleanup)" [_thread_blocked, id=24088, stack(0x0000002f87f00000,0x0000002f88000000)]
  0x00000185bd179e80 JavaThread "Unconstrained build operations Thread 3" [_thread_blocked, id=25396, stack(0x0000002f84d00000,0x0000002f84e00000)]
  0x00000185bd17adb0 JavaThread "Unconstrained build operations Thread 4" [_thread_blocked, id=24936, stack(0x0000002f88000000,0x0000002f88100000)]
  0x00000185bd17b7d0 JavaThread "Unconstrained build operations Thread 5" [_thread_blocked, id=25116, stack(0x0000002f88100000,0x0000002f88200000)]
  0x00000185bd179970 JavaThread "Unconstrained build operations Thread 6" [_thread_blocked, id=25140, stack(0x0000002f88200000,0x0000002f88300000)]
  0x00000185bd17a8a0 JavaThread "Unconstrained build operations Thread 7" [_thread_blocked, id=16480, stack(0x0000002f88300000,0x0000002f88400000)]
  0x00000185bd17b2c0 JavaThread "Unconstrained build operations Thread 8" [_thread_blocked, id=17740, stack(0x0000002f88400000,0x0000002f88500000)]
  0x00000185bd176be0 JavaThread "Unconstrained build operations Thread 9" [_thread_blocked, id=22708, stack(0x0000002f88500000,0x0000002f88600000)]
  0x00000185bd17bce0 JavaThread "Unconstrained build operations Thread 10" [_thread_blocked, id=10628, stack(0x0000002f88600000,0x0000002f88700000)]
  0x00000185bd1770f0 JavaThread "Unconstrained build operations Thread 11" [_thread_blocked, id=19112, stack(0x0000002f88700000,0x0000002f88800000)]
  0x00000185bd17cc10 JavaThread "Unconstrained build operations Thread 12" [_thread_blocked, id=24084, stack(0x0000002f88800000,0x0000002f88900000)]
  0x00000185bd178020 JavaThread "Unconstrained build operations Thread 13" [_thread_blocked, id=11144, stack(0x0000002f88900000,0x0000002f88a00000)]
  0x00000185bd17c1f0 JavaThread "Memory manager" [_thread_blocked, id=23336, stack(0x0000002f88a00000,0x0000002f88b00000)]
  0x00000185bd17a390 JavaThread "Cache worker for Build Output Cleanup Cache (C:\Users\semin\AplikasiLaundry\android\.gradle\buildOutputCleanup)" [_thread_blocked, id=24096, stack(0x0000002f88b00000,0x0000002f88c00000)]
=>0x00000185bbeea220 JavaThread "C2 CompilerThread1" daemon [_thread_in_native, id=1912, stack(0x0000002f88c00000,0x0000002f88d00000)]

Other Threads:
  0x00000185ff7faa80 VMThread "VM Thread" [stack: 0x0000002f84000000,0x0000002f84100000] [id=1132]
  0x00000185fba1a5b0 WatcherThread [stack: 0x0000002f84c00000,0x0000002f84d00000] [id=22976]
  0x00000185fb9fe0f0 GCTaskThread "GC Thread#0" [stack: 0x0000002f83b00000,0x0000002f83c00000] [id=15700]
  0x00000185ba588570 GCTaskThread "GC Thread#1" [stack: 0x0000002f84e00000,0x0000002f84f00000] [id=8924]
  0x00000185ba246e60 GCTaskThread "GC Thread#2" [stack: 0x0000002f84f00000,0x0000002f85000000] [id=19048]
  0x000001859ae05580 GCTaskThread "GC Thread#3" [stack: 0x0000002f85000000,0x0000002f85100000] [id=22432]
  0x00000185ba914c90 GCTaskThread "GC Thread#4" [stack: 0x0000002f85100000,0x0000002f85200000] [id=21520]
  0x00000185bab9ec90 GCTaskThread "GC Thread#5" [stack: 0x0000002f85f00000,0x0000002f86000000] [id=20332]
  0x00000185bc1465d0 GCTaskThread "GC Thread#6" [stack: 0x0000002f86000000,0x0000002f86100000] [id=18672]
  0x00000185bbb65030 GCTaskThread "GC Thread#7" [stack: 0x0000002f86100000,0x0000002f86200000] [id=3824]
  0x00000185bbb652f0 GCTaskThread "GC Thread#8" [stack: 0x0000002f86200000,0x0000002f86300000] [id=18512]
  0x00000185bbb655b0 GCTaskThread "GC Thread#9" [stack: 0x0000002f86300000,0x0000002f86400000] [id=13792]
  0x00000185fba0f040 ConcurrentGCThread "G1 Main Marker" [stack: 0x0000002f83c00000,0x0000002f83d00000] [id=25552]
  0x00000185fba10a60 ConcurrentGCThread "G1 Conc#0" [stack: 0x0000002f83d00000,0x0000002f83e00000] [id=11832]
  0x00000185bd3cc600 ConcurrentGCThread "G1 Conc#1" [stack: 0x0000002f86a00000,0x0000002f86b00000] [id=11640]
  0x00000185bd3cb000 ConcurrentGCThread "G1 Conc#2" [stack: 0x0000002f86b00000,0x0000002f86c00000] [id=20812]
  0x00000185fba4e4d0 ConcurrentGCThread "G1 Refine#0" [stack: 0x0000002f83e00000,0x0000002f83f00000] [id=21616]
  0x00000185ff6b7150 ConcurrentGCThread "G1 Service" [stack: 0x0000002f83f00000,0x0000002f84000000] [id=24228]

Threads with active compile tasks:
C2 CompilerThread0    15324 7312       4       org.gradle.internal.serialize.kryo.KryoBackedDecoder::readString (5 bytes)
C2 CompilerThread1    15324 7214       4       sun.reflect.generics.parser.SignatureParser::parsePackageNameAndSimpleClassTypeSignature (119 bytes)

VM state: not at safepoint (normal execution)

VM Mutex/Monitor currently owned by a thread: None

Heap address: 0x0000000080000000, size: 2048 MB, Compressed Oops mode: 32-bit

CDS archive(s) mapped at: [0x000001859b000000-0x000001859bbd0000-0x000001859bbd0000), size 12386304, SharedBaseAddress: 0x000001859b000000, ArchiveRelocationMode: 1.
Compressed class space mapped at: 0x000001859c000000-0x00000185b6000000, reserved size: 436207616
Narrow klass base: 0x000001859b000000, Narrow klass shift: 0, Narrow klass range: 0x100000000

GC Precious Log:
 CPUs: 12 total, 12 available
 Memory: 7913M
 Large Page Support: Disabled
 NUMA Support: Disabled
 Compressed Oops: Enabled (32-bit)
 Heap Region Size: 1M
 Heap Min Capacity: 8M
 Heap Initial Capacity: 124M
 Heap Max Capacity: 2G
 Pre-touch: Disabled
 Parallel Workers: 10
 Concurrent Workers: 3
 Concurrent Refinement Workers: 10
 Periodic GC: Disabled

Heap:
 garbage-first heap   total 116736K, used 86548K [0x0000000080000000, 0x0000000100000000)
  region size 1024K, 27 young (27648K), 4 survivors (4096K)
 Metaspace       used 68437K, committed 69056K, reserved 491520K
  class space    used 9572K, committed 9856K, reserved 425984K

Heap Regions: E=young(eden), S=young(survivor), O=old, HS=humongous(starts), HC=humongous(continues), CS=collection set, F=free, OA=open archive, CA=closed archive, TAMS=top-at-mark-start (previous, next)
|   0|0x0000000080000000, 0x0000000080100000, 0x0000000080100000|100%|HS|  |TAMS 0x0000000080100000, 0x0000000080000000| Complete 
|   1|0x0000000080100000, 0x0000000080200000, 0x0000000080200000|100%|HC|  |TAMS 0x0000000080200000, 0x0000000080100000| Complete 
|   2|0x0000000080200000, 0x0000000080300000, 0x0000000080300000|100%|HC|  |TAMS 0x0000000080300000, 0x0000000080200000| Complete 
|   3|0x0000000080300000, 0x0000000080400000, 0x0000000080400000|100%|HC|  |TAMS 0x0000000080400000, 0x0000000080300000| Complete 
|   4|0x0000000080400000, 0x0000000080500000, 0x0000000080500000|100%| O|  |TAMS 0x0000000080500000, 0x0000000080400000| Untracked 
|   5|0x0000000080500000, 0x0000000080600000, 0x0000000080600000|100%| O|  |TAMS 0x0000000080600000, 0x0000000080500000| Untracked 
|   6|0x0000000080600000, 0x0000000080700000, 0x0000000080700000|100%| O|  |TAMS 0x0000000080700000, 0x0000000080600000| Untracked 
|   7|0x0000000080700000, 0x0000000080800000, 0x0000000080800000|100%| O|  |TAMS 0x0000000080800000, 0x0000000080700000| Untracked 
|   8|0x0000000080800000, 0x0000000080900000, 0x0000000080900000|100%| O|  |TAMS 0x0000000080900000, 0x0000000080800000| Untracked 
|   9|0x0000000080900000, 0x0000000080a00000, 0x0000000080a00000|100%| O|  |TAMS 0x0000000080a00000, 0x0000000080900000| Untracked 
|  10|0x0000000080a00000, 0x0000000080b00000, 0x0000000080b00000|100%| O|  |TAMS 0x0000000080b00000, 0x0000000080a00000| Untracked 
|  11|0x0000000080b00000, 0x0000000080c00000, 0x0000000080c00000|100%| O|  |TAMS 0x0000000080c00000, 0x0000000080b00000| Untracked 
|  12|0x0000000080c00000, 0x0000000080d00000, 0x0000000080d00000|100%| O|  |TAMS 0x0000000080d00000, 0x0000000080c00000| Untracked 
|  13|0x0000000080d00000, 0x0000000080e00000, 0x0000000080e00000|100%| O|  |TAMS 0x0000000080e00000, 0x0000000080d00000| Untracked 
|  14|0x0000000080e00000, 0x0000000080f00000, 0x0000000080f00000|100%| O|  |TAMS 0x0000000080f00000, 0x0000000080e00000| Untracked 
|  15|0x0000000080f00000, 0x0000000081000000, 0x0000000081000000|100%| O|  |TAMS 0x0000000081000000, 0x0000000080f00000| Untracked 
|  16|0x0000000081000000, 0x0000000081100000, 0x0000000081100000|100%| O|  |TAMS 0x0000000081100000, 0x0000000081000000| Untracked 
|  17|0x0000000081100000, 0x0000000081200000, 0x0000000081200000|100%| O|  |TAMS 0x0000000081200000, 0x0000000081100000| Untracked 
|  18|0x0000000081200000, 0x0000000081300000, 0x0000000081300000|100%| O|  |TAMS 0x0000000081300000, 0x0000000081200000| Untracked 
|  19|0x0000000081300000, 0x0000000081400000, 0x0000000081400000|100%| O|  |TAMS 0x0000000081400000, 0x0000000081300000| Untracked 
|  20|0x0000000081400000, 0x000000008140d000, 0x0000000081500000|  5%| O|  |TAMS 0x000000008140d000, 0x0000000081400000| Untracked 
|  21|0x0000000081500000, 0x0000000081600000, 0x0000000081600000|100%| O|  |TAMS 0x0000000081600000, 0x0000000081500000| Untracked 
|  22|0x0000000081600000, 0x0000000081700000, 0x0000000081700000|100%| O|  |TAMS 0x0000000081700000, 0x0000000081600000| Untracked 
|  23|0x0000000081700000, 0x0000000081800000, 0x0000000081800000|100%| O|  |TAMS 0x0000000081800000, 0x0000000081700000| Untracked 
|  24|0x0000000081800000, 0x0000000081900000, 0x0000000081900000|100%| O|  |TAMS 0x0000000081900000, 0x0000000081800000| Untracked 
|  25|0x0000000081900000, 0x0000000081a00000, 0x0000000081a00000|100%| O|  |TAMS 0x0000000081a00000, 0x0000000081900000| Untracked 
|  26|0x0000000081a00000, 0x0000000081b00000, 0x0000000081b00000|100%| O|  |TAMS 0x0000000081b00000, 0x0000000081a00000| Untracked 
|  27|0x0000000081b00000, 0x0000000081c00000, 0x0000000081c00000|100%| O|  |TAMS 0x0000000081c00000, 0x0000000081b00000| Untracked 
|  28|0x0000000081c00000, 0x0000000081d00000, 0x0000000081d00000|100%|HS|  |TAMS 0x0000000081d00000, 0x0000000081c00000| Complete 
|  29|0x0000000081d00000, 0x0000000081e00000, 0x0000000081e00000|100%|HC|  |TAMS 0x0000000081e00000, 0x0000000081d00000| Complete 
|  30|0x0000000081e00000, 0x0000000081f00000, 0x0000000081f00000|100%|HS|  |TAMS 0x0000000081f00000, 0x0000000081e00000| Complete 
|  31|0x0000000081f00000, 0x0000000082000000, 0x0000000082000000|100%|HC|  |TAMS 0x0000000082000000, 0x0000000081f00000| Complete 
|  32|0x0000000082000000, 0x0000000082100000, 0x0000000082100000|100%| O|  |TAMS 0x0000000082100000, 0x0000000082000000| Untracked 
|  33|0x0000000082100000, 0x0000000082200000, 0x0000000082200000|100%| O|  |TAMS 0x0000000082200000, 0x0000000082100000| Untracked 
|  34|0x0000000082200000, 0x0000000082300000, 0x0000000082300000|100%| O|  |TAMS 0x0000000082300000, 0x0000000082200000| Untracked 
|  35|0x0000000082300000, 0x0000000082400000, 0x0000000082400000|100%| O|  |TAMS 0x0000000082400000, 0x0000000082300000| Untracked 
|  36|0x0000000082400000, 0x0000000082500000, 0x0000000082500000|100%| O|  |TAMS 0x0000000082500000, 0x0000000082400000| Untracked 
|  37|0x0000000082500000, 0x0000000082600000, 0x0000000082600000|100%| O|  |TAMS 0x0000000082600000, 0x0000000082500000| Untracked 
|  38|0x0000000082600000, 0x0000000082700000, 0x0000000082700000|100%| O|  |TAMS 0x0000000082700000, 0x0000000082600000| Untracked 
|  39|0x0000000082700000, 0x0000000082800000, 0x0000000082800000|100%|HS|  |TAMS 0x0000000082800000, 0x0000000082700000| Complete 
|  40|0x0000000082800000, 0x0000000082900000, 0x0000000082900000|100%|HC|  |TAMS 0x0000000082900000, 0x0000000082800000| Complete 
|  41|0x0000000082900000, 0x0000000082a00000, 0x0000000082a00000|100%|HC|  |TAMS 0x0000000082a00000, 0x0000000082900000| Complete 
|  42|0x0000000082a00000, 0x0000000082b00000, 0x0000000082b00000|100%|HC|  |TAMS 0x0000000082b00000, 0x0000000082a00000| Complete 
|  43|0x0000000082b00000, 0x0000000082c00000, 0x0000000082c00000|100%| O|  |TAMS 0x0000000082c00000, 0x0000000082b00000| Untracked 
|  44|0x0000000082c00000, 0x0000000082d00000, 0x0000000082d00000|100%| O|  |TAMS 0x0000000082d00000, 0x0000000082c00000| Untracked 
|  45|0x0000000082d00000, 0x0000000082e00000, 0x0000000082e00000|100%| O|  |TAMS 0x0000000082e00000, 0x0000000082d00000| Untracked 
|  46|0x0000000082e00000, 0x0000000082f00000, 0x0000000082f00000|100%| O|  |TAMS 0x0000000082f00000, 0x0000000082e00000| Untracked 
|  47|0x0000000082f00000, 0x0000000083000000, 0x0000000083000000|100%| O|  |TAMS 0x0000000083000000, 0x0000000082f00000| Untracked 
|  48|0x0000000083000000, 0x0000000083100000, 0x0000000083100000|100%| O|  |TAMS 0x0000000083100000, 0x0000000083000000| Untracked 
|  49|0x0000000083100000, 0x0000000083200000, 0x0000000083200000|100%| O|  |TAMS 0x0000000083200000, 0x0000000083100000| Untracked 
|  50|0x0000000083200000, 0x0000000083300000, 0x0000000083300000|100%| O|  |TAMS 0x0000000083300000, 0x0000000083200000| Untracked 
|  51|0x0000000083300000, 0x0000000083400000, 0x0000000083400000|100%| O|  |TAMS 0x0000000083400000, 0x0000000083300000| Untracked 
|  52|0x0000000083400000, 0x0000000083500000, 0x0000000083500000|100%| O|  |TAMS 0x0000000083500000, 0x0000000083400000| Untracked 
|  53|0x0000000083500000, 0x0000000083600000, 0x0000000083600000|100%|HS|  |TAMS 0x0000000083600000, 0x0000000083500000| Complete 
|  54|0x0000000083600000, 0x0000000083700000, 0x0000000083700000|100%|HC|  |TAMS 0x0000000083700000, 0x0000000083600000| Complete 
|  55|0x0000000083700000, 0x0000000083800000, 0x0000000083800000|100%|HC|  |TAMS 0x0000000083800000, 0x0000000083700000| Complete 
|  56|0x0000000083800000, 0x0000000083900000, 0x0000000083900000|100%|HC|  |TAMS 0x0000000083900000, 0x0000000083800000| Complete 
|  57|0x0000000083900000, 0x0000000083a00000, 0x0000000083a00000|100%| O|  |TAMS 0x0000000083a00000, 0x0000000083900000| Untracked 
|  58|0x0000000083a00000, 0x0000000083b00000, 0x0000000083b00000|100%| O|  |TAMS 0x0000000083ae8c00, 0x0000000083a00000| Untracked 
|  59|0x0000000083b00000, 0x0000000083c00000, 0x0000000083c00000|100%| O|  |TAMS 0x0000000083b00000, 0x0000000083b00000| Untracked 
|  60|0x0000000083c00000, 0x0000000083c0cc00, 0x0000000083d00000|  4%| O|  |TAMS 0x0000000083c00000, 0x0000000083c00000| Untracked 
|  61|0x0000000083d00000, 0x0000000083d00000, 0x0000000083e00000|  0%| F|  |TAMS 0x0000000083d00000, 0x0000000083d00000| Untracked 
|  62|0x0000000083e00000, 0x0000000083e00000, 0x0000000083f00000|  0%| F|  |TAMS 0x0000000083e00000, 0x0000000083e00000| Untracked 
|  63|0x0000000083f00000, 0x0000000083f00000, 0x0000000084000000|  0%| F|  |TAMS 0x0000000083f00000, 0x0000000083f00000| Untracked 
|  64|0x0000000084000000, 0x0000000084000000, 0x0000000084100000|  0%| F|  |TAMS 0x0000000084000000, 0x0000000084000000| Untracked 
|  65|0x0000000084100000, 0x0000000084100000, 0x0000000084200000|  0%| F|  |TAMS 0x0000000084100000, 0x0000000084100000| Untracked 
|  66|0x0000000084200000, 0x0000000084200000, 0x0000000084300000|  0%| F|  |TAMS 0x0000000084200000, 0x0000000084200000| Untracked 
|  67|0x0000000084300000, 0x0000000084300000, 0x0000000084400000|  0%| F|  |TAMS 0x0000000084300000, 0x0000000084300000| Untracked 
|  68|0x0000000084400000, 0x0000000084400000, 0x0000000084500000|  0%| F|  |TAMS 0x0000000084400000, 0x0000000084400000| Untracked 
|  69|0x0000000084500000, 0x0000000084500000, 0x0000000084600000|  0%| F|  |TAMS 0x0000000084500000, 0x0000000084500000| Untracked 
|  70|0x0000000084600000, 0x0000000084600000, 0x0000000084700000|  0%| F|  |TAMS 0x0000000084600000, 0x0000000084600000| Untracked 
|  71|0x0000000084700000, 0x000000008476b628, 0x0000000084800000| 41%| S|CS|TAMS 0x0000000084700000, 0x0000000084700000| Complete 
|  72|0x0000000084800000, 0x0000000084900000, 0x0000000084900000|100%| S|CS|TAMS 0x0000000084800000, 0x0000000084800000| Complete 
|  73|0x0000000084900000, 0x0000000084a00000, 0x0000000084a00000|100%| S|CS|TAMS 0x0000000084900000, 0x0000000084900000| Complete 
|  74|0x0000000084a00000, 0x0000000084b00000, 0x0000000084b00000|100%| S|CS|TAMS 0x0000000084a00000, 0x0000000084a00000| Complete 
|  75|0x0000000084b00000, 0x0000000084b00000, 0x0000000084c00000|  0%| F|  |TAMS 0x0000000084b00000, 0x0000000084b00000| Untracked 
|  76|0x0000000084c00000, 0x0000000084c00000, 0x0000000084d00000|  0%| F|  |TAMS 0x0000000084c00000, 0x0000000084c00000| Untracked 
|  77|0x0000000084d00000, 0x0000000084d00000, 0x0000000084e00000|  0%| F|  |TAMS 0x0000000084d00000, 0x0000000084d00000| Untracked 
|  78|0x0000000084e00000, 0x0000000084e00000, 0x0000000084f00000|  0%| F|  |TAMS 0x0000000084e00000, 0x0000000084e00000| Untracked 
|  79|0x0000000084f00000, 0x0000000084f00000, 0x0000000085000000|  0%| F|  |TAMS 0x0000000084f00000, 0x0000000084f00000| Untracked 
|  80|0x0000000085000000, 0x0000000085000000, 0x0000000085100000|  0%| F|  |TAMS 0x0000000085000000, 0x0000000085000000| Untracked 
|  81|0x0000000085100000, 0x0000000085100000, 0x0000000085200000|  0%| F|  |TAMS 0x0000000085100000, 0x0000000085100000| Untracked 
|  82|0x0000000085200000, 0x0000000085200000, 0x0000000085300000|  0%| F|  |TAMS 0x0000000085200000, 0x0000000085200000| Untracked 
|  83|0x0000000085300000, 0x0000000085300000, 0x0000000085400000|  0%| F|  |TAMS 0x0000000085300000, 0x0000000085300000| Untracked 
|  84|0x0000000085400000, 0x0000000085400000, 0x0000000085500000|  0%| F|  |TAMS 0x0000000085400000, 0x0000000085400000| Untracked 
|  85|0x0000000085500000, 0x0000000085500000, 0x0000000085600000|  0%| F|  |TAMS 0x0000000085500000, 0x0000000085500000| Untracked 
|  86|0x0000000085600000, 0x0000000085600000, 0x0000000085700000|  0%| F|  |TAMS 0x0000000085600000, 0x0000000085600000| Untracked 
|  87|0x0000000085700000, 0x0000000085700000, 0x0000000085800000|  0%| F|  |TAMS 0x0000000085700000, 0x0000000085700000| Untracked 
|  88|0x0000000085800000, 0x0000000085800000, 0x0000000085900000|  0%| F|  |TAMS 0x0000000085800000, 0x0000000085800000| Untracked 
|  89|0x0000000085900000, 0x0000000085900000, 0x0000000085a00000|  0%| F|  |TAMS 0x0000000085900000, 0x0000000085900000| Untracked 
|  90|0x0000000085a00000, 0x0000000085a00000, 0x0000000085b00000|  0%| F|  |TAMS 0x0000000085a00000, 0x0000000085a00000| Untracked 
|  91|0x0000000085b00000, 0x0000000085b73590, 0x0000000085c00000| 45%| E|  |TAMS 0x0000000085b00000, 0x0000000085b00000| Complete 
|  92|0x0000000085c00000, 0x0000000085d00000, 0x0000000085d00000|100%| E|CS|TAMS 0x0000000085c00000, 0x0000000085c00000| Complete 
|  93|0x0000000085d00000, 0x0000000085e00000, 0x0000000085e00000|100%| E|CS|TAMS 0x0000000085d00000, 0x0000000085d00000| Complete 
|  94|0x0000000085e00000, 0x0000000085f00000, 0x0000000085f00000|100%| E|CS|TAMS 0x0000000085e00000, 0x0000000085e00000| Complete 
|  95|0x0000000085f00000, 0x0000000086000000, 0x0000000086000000|100%| E|CS|TAMS 0x0000000085f00000, 0x0000000085f00000| Complete 
|  96|0x0000000086000000, 0x0000000086100000, 0x0000000086100000|100%| E|CS|TAMS 0x0000000086000000, 0x0000000086000000| Complete 
|  97|0x0000000086100000, 0x0000000086200000, 0x0000000086200000|100%| E|CS|TAMS 0x0000000086100000, 0x0000000086100000| Complete 
|  98|0x0000000086200000, 0x0000000086300000, 0x0000000086300000|100%| E|CS|TAMS 0x0000000086200000, 0x0000000086200000| Complete 
|  99|0x0000000086300000, 0x0000000086400000, 0x0000000086400000|100%| E|CS|TAMS 0x0000000086300000, 0x0000000086300000| Complete 
| 100|0x0000000086400000, 0x0000000086500000, 0x0000000086500000|100%| E|CS|TAMS 0x0000000086400000, 0x0000000086400000| Complete 
| 101|0x0000000086500000, 0x0000000086600000, 0x0000000086600000|100%| E|CS|TAMS 0x0000000086500000, 0x0000000086500000| Complete 
| 102|0x0000000086600000, 0x0000000086700000, 0x0000000086700000|100%| E|CS|TAMS 0x0000000086600000, 0x0000000086600000| Complete 
| 103|0x0000000086700000, 0x0000000086800000, 0x0000000086800000|100%| E|CS|TAMS 0x0000000086700000, 0x0000000086700000| Complete 
| 104|0x0000000086800000, 0x0000000086900000, 0x0000000086900000|100%| E|CS|TAMS 0x0000000086800000, 0x0000000086800000| Complete 
| 105|0x0000000086900000, 0x0000000086a00000, 0x0000000086a00000|100%| E|CS|TAMS 0x0000000086900000, 0x0000000086900000| Complete 
| 106|0x0000000086a00000, 0x0000000086b00000, 0x0000000086b00000|100%| E|CS|TAMS 0x0000000086a00000, 0x0000000086a00000| Complete 
| 107|0x0000000086b00000, 0x0000000086c00000, 0x0000000086c00000|100%| E|CS|TAMS 0x0000000086b00000, 0x0000000086b00000| Complete 
| 108|0x0000000086c00000, 0x0000000086d00000, 0x0000000086d00000|100%| E|CS|TAMS 0x0000000086c00000, 0x0000000086c00000| Complete 
| 109|0x0000000086d00000, 0x0000000086e00000, 0x0000000086e00000|100%| E|CS|TAMS 0x0000000086d00000, 0x0000000086d00000| Complete 
| 110|0x0000000086e00000, 0x0000000086f00000, 0x0000000086f00000|100%| E|CS|TAMS 0x0000000086e00000, 0x0000000086e00000| Complete 
| 111|0x0000000086f00000, 0x0000000087000000, 0x0000000087000000|100%| E|CS|TAMS 0x0000000086f00000, 0x0000000086f00000| Complete 
| 112|0x0000000087000000, 0x0000000087100000, 0x0000000087100000|100%| E|CS|TAMS 0x0000000087000000, 0x0000000087000000| Complete 
| 123|0x0000000087b00000, 0x0000000087c00000, 0x0000000087c00000|100%| E|CS|TAMS 0x0000000087b00000, 0x0000000087b00000| Complete 

Card table byte_map: [0x00000185fc3b0000,0x00000185fc7b0000] _byte_map_base: 0x00000185fbfb0000

Marking Bits (Prev, Next): (CMBitMap*) 0x00000185fb9fe710, (CMBitMap*) 0x00000185fb9fe750
 Prev Bits: [0x00000185fcbb0000, 0x00000185febb0000)
 Next Bits: [0x0000018596a40000, 0x0000018598a40000)

Polling page: 0x00000185f9900000

Metaspace:

Usage:
  Non-class:     57.49 MB used.
      Class:      9.35 MB used.
       Both:     66.83 MB used.

Virtual space:
  Non-class space:       64.00 MB reserved,      57.81 MB ( 90%) committed,  1 nodes.
      Class space:      416.00 MB reserved,       9.62 MB (  2%) committed,  1 nodes.
             Both:      480.00 MB reserved,      67.44 MB ( 14%) committed. 

Chunk freelists:
   Non-Class:  5.66 MB
       Class:  6.20 MB
        Both:  11.86 MB

MaxMetaspaceSize: 512.00 MB
CompressedClassSpaceSize: 416.00 MB
Initial GC threshold: 21.00 MB
Current GC threshold: 109.94 MB
CDS: on
MetaspaceReclaimPolicy: balanced
 - commit_granule_bytes: 65536.
 - commit_granule_words: 8192.
 - virtual_space_node_default_size: 8388608.
 - enlarge_chunks_in_place: 1.
 - new_chunks_are_fully_committed: 0.
 - uncommit_free_chunks: 1.
 - use_allocation_guard: 0.
 - handle_deallocations: 1.


Internal statistics:

num_allocs_failed_limit: 6.
num_arena_births: 786.
num_arena_deaths: 0.
num_vsnodes_births: 2.
num_vsnodes_deaths: 0.
num_space_committed: 1079.
num_space_uncommitted: 0.
num_chunks_returned_to_freelist: 6.
num_chunks_taken_from_freelist: 3394.
num_chunk_merges: 6.
num_chunk_splits: 2240.
num_chunks_enlarged: 1500.
num_inconsistent_stats: 0.

CodeHeap 'non-profiled nmethods': size=120000Kb used=3644Kb max_used=3644Kb free=116356Kb
 bounds [0x000001858f510000, 0x000001858f8a0000, 0x0000018596a40000]
CodeHeap 'profiled nmethods': size=120000Kb used=12938Kb max_used=12938Kb free=107061Kb
 bounds [0x0000018587a40000, 0x00000185886f0000, 0x000001858ef70000]
CodeHeap 'non-nmethods': size=5760Kb used=2416Kb max_used=2471Kb free=3344Kb
 bounds [0x000001858ef70000, 0x000001858f1e0000, 0x000001858f510000]
 total_blobs=7454 nmethods=6523 adapters=843
 compilation: enabled
              stopped_count=0, restarted_count=0
 full_count=0

Compilation events (20 events):
Event: 15.212 Thread 0x00000185ff8487c0 7276   !   3       org.gradle.internal.instantiation.generator.AbstractClassGenerator::generateUnderLock (702 bytes)
Event: 15.217 Thread 0x00000185ff8487c0 nmethod 7276 0x00000185886be310 code [0x00000185886bed80, 0x00000185886c6e08]
Event: 15.217 Thread 0x00000185ff8487c0 7277       3       java.lang.invoke.LambdaForm$MH/0x000001859c279000::linkToTargetMethod (17 bytes)
Event: 15.217 Thread 0x00000185ff8487c0 nmethod 7277 0x0000018587e63a90 code [0x0000018587e63c40, 0x0000018587e640b8]
Event: 15.217 Thread 0x00000185ff8487c0 7278       3       java.lang.invoke.LambdaForm$DMH/0x000001859c278c00::newInvokeSpecial (34 bytes)
Event: 15.218 Thread 0x00000185ff8487c0 nmethod 7278 0x00000185881c9590 code [0x00000185881c9780, 0x00000185881c9f88]
Event: 15.226 Thread 0x00000185ff8487c0 7279       3       org.gradle.internal.instantiation.generator.AsmBackedClassGenerator$ClassBuilderImpl::addConventionSetter (58 bytes)
Event: 15.228 Thread 0x00000185ff8487c0 nmethod 7279 0x0000018587faac90 code [0x0000018587faaf00, 0x0000018587fabb18]
Event: 15.228 Thread 0x00000185ff8487c0 7280       3       org.gradle.internal.instantiation.generator.AsmBackedClassGenerator$ClassBuilderImpl$$Lambda$204/0x000001859c27f568::<init> (38 bytes)
Event: 15.228 Thread 0x00000185ff8487c0 nmethod 7280 0x00000185881c8f90 code [0x00000185881c9140, 0x00000185881c94d8]
Event: 15.233 Thread 0x00000185ff8487c0 7281       3       org.gradle.api.internal.provider.AbstractProperty::assertCanMutate (12 bytes)
Event: 15.233 Thread 0x00000185ff8487c0 nmethod 7281 0x0000018587e63590 code [0x0000018587e63740, 0x0000018587e639d8]
Event: 15.233 Thread 0x00000185ff8487c0 7282       3       org.gradle.api.internal.provider.AbstractProperty$NonFinalizedValue::beforeMutate (34 bytes)
Event: 15.234 Thread 0x00000185ff8487c0 nmethod 7282 0x00000185886ca490 code [0x00000185886ca700, 0x00000185886cb328]
Event: 15.251 Thread 0x00000185ff8487c0 7283       3       org.gradle.internal.instantiation.generator.ManagedObjectFactory$ManagedPropertyName::<init> (15 bytes)
Event: 15.252 Thread 0x00000185ff8487c0 nmethod 7283 0x0000018587faa810 code [0x0000018587faa9c0, 0x0000018587faabd8]
Event: 15.268 Thread 0x00000185ff8487c0 7284       3       java.lang.reflect.Constructor::getExceptionTypes (11 bytes)
Event: 15.269 Thread 0x00000185ff8487c0 nmethod 7284 0x0000018587faa010 code [0x0000018587faa1c0, 0x0000018587faa488]
Event: 15.275 Thread 0x00000185ff8487c0 7285       1       org.gradle.internal.Try$Success::get (5 bytes)
Event: 15.275 Thread 0x00000185ff8487c0 nmethod 7285 0x000001858f88ef10 code [0x000001858f88f0a0, 0x000001858f88f178]

GC Heap History (20 events):
Event: 7.632 GC heap before
{Heap before GC invocations=8 (full 0):
 garbage-first heap   total 103424K, used 46019K [0x0000000080000000, 0x0000000100000000)
  region size 1024K, 16 young (16384K), 3 survivors (3072K)
 Metaspace       used 35511K, committed 35968K, reserved 491520K
  class space    used 4840K, committed 5056K, reserved 425984K
}
Event: 7.635 GC heap after
{Heap after GC invocations=9 (full 0):
 garbage-first heap   total 103424K, used 33899K [0x0000000080000000, 0x0000000100000000)
  region size 1024K, 4 young (4096K), 4 survivors (4096K)
 Metaspace       used 35511K, committed 35968K, reserved 491520K
  class space    used 4840K, committed 5056K, reserved 425984K
}
Event: 8.567 GC heap before
{Heap before GC invocations=10 (full 0):
 garbage-first heap   total 103424K, used 78955K [0x0000000080000000, 0x0000000100000000)
  region size 1024K, 49 young (50176K), 4 survivors (4096K)
 Metaspace       used 40843K, committed 41344K, reserved 491520K
  class space    used 5664K, committed 5888K, reserved 425984K
}
Event: 8.571 GC heap after
{Heap after GC invocations=11 (full 0):
 garbage-first heap   total 103424K, used 34722K [0x0000000080000000, 0x0000000100000000)
  region size 1024K, 5 young (5120K), 5 survivors (5120K)
 Metaspace       used 40843K, committed 41344K, reserved 491520K
  class space    used 5664K, committed 5888K, reserved 425984K
}
Event: 10.724 GC heap before
{Heap before GC invocations=11 (full 0):
 garbage-first heap   total 103424K, used 80802K [0x0000000080000000, 0x0000000100000000)
  region size 1024K, 50 young (51200K), 5 survivors (5120K)
 Metaspace       used 48915K, committed 49472K, reserved 491520K
  class space    used 6736K, committed 6976K, reserved 425984K
}
Event: 10.730 GC heap after
{Heap after GC invocations=12 (full 0):
 garbage-first heap   total 103424K, used 39196K [0x0000000080000000, 0x0000000100000000)
  region size 1024K, 7 young (7168K), 7 survivors (7168K)
 Metaspace       used 48915K, committed 49472K, reserved 491520K
  class space    used 6736K, committed 6976K, reserved 425984K
}
Event: 12.445 GC heap before
{Heap before GC invocations=12 (full 0):
 garbage-first heap   total 103424K, used 88348K [0x0000000080000000, 0x0000000100000000)
  region size 1024K, 48 young (49152K), 7 survivors (7168K)
 Metaspace       used 52919K, committed 53568K, reserved 491520K
  class space    used 7345K, committed 7616K, reserved 425984K
}
Event: 12.453 GC heap after
{Heap after GC invocations=13 (full 0):
 garbage-first heap   total 103424K, used 51475K [0x0000000080000000, 0x0000000100000000)
  region size 1024K, 5 young (5120K), 5 survivors (5120K)
 Metaspace       used 52919K, committed 53568K, reserved 491520K
  class space    used 7345K, committed 7616K, reserved 425984K
}
Event: 12.936 GC heap before
{Heap before GC invocations=13 (full 0):
 garbage-first heap   total 103424K, used 82195K [0x0000000080000000, 0x0000000100000000)
  region size 1024K, 35 young (35840K), 5 survivors (5120K)
 Metaspace       used 56356K, committed 56960K, reserved 491520K
  class space    used 7809K, committed 8064K, reserved 425984K
}
Event: 12.941 GC heap after
{Heap after GC invocations=14 (full 0):
 garbage-first heap   total 103424K, used 53495K [0x0000000080000000, 0x0000000100000000)
  region size 1024K, 2 young (2048K), 2 survivors (2048K)
 Metaspace       used 56356K, committed 56960K, reserved 491520K
  class space    used 7809K, committed 8064K, reserved 425984K
}
Event: 13.287 GC heap before
{Heap before GC invocations=15 (full 0):
 garbage-first heap   total 103424K, used 72951K [0x0000000080000000, 0x0000000100000000)
  region size 1024K, 22 young (22528K), 2 survivors (2048K)
 Metaspace       used 58233K, committed 58816K, reserved 491520K
  class space    used 8128K, committed 8384K, reserved 425984K
}
Event: 13.291 GC heap after
{Heap after GC invocations=16 (full 0):
 garbage-first heap   total 103424K, used 54297K [0x0000000080000000, 0x0000000100000000)
  region size 1024K, 3 young (3072K), 3 survivors (3072K)
 Metaspace       used 58233K, committed 58816K, reserved 491520K
  class space    used 8128K, committed 8384K, reserved 425984K
}
Event: 13.759 GC heap before
{Heap before GC invocations=17 (full 0):
 garbage-first heap   total 104448K, used 88089K [0x0000000080000000, 0x0000000100000000)
  region size 1024K, 32 young (32768K), 3 survivors (3072K)
 Metaspace       used 60363K, committed 60992K, reserved 491520K
  class space    used 8399K, committed 8704K, reserved 425984K
}
Event: 13.763 GC heap after
{Heap after GC invocations=18 (full 0):
 garbage-first heap   total 104448K, used 59601K [0x0000000080000000, 0x0000000100000000)
  region size 1024K, 3 young (3072K), 3 survivors (3072K)
 Metaspace       used 60363K, committed 60992K, reserved 491520K
  class space    used 8399K, committed 8704K, reserved 425984K
}
Event: 14.083 GC heap before
{Heap before GC invocations=18 (full 0):
 garbage-first heap   total 104448K, used 86225K [0x0000000080000000, 0x0000000100000000)
  region size 1024K, 29 young (29696K), 3 survivors (3072K)
 Metaspace       used 63109K, committed 63744K, reserved 491520K
  class space    used 8790K, committed 9088K, reserved 425984K
}
Event: 14.087 GC heap after
{Heap after GC invocations=19 (full 0):
 garbage-first heap   total 104448K, used 60574K [0x0000000080000000, 0x0000000100000000)
  region size 1024K, 4 young (4096K), 4 survivors (4096K)
 Metaspace       used 63109K, committed 63744K, reserved 491520K
  class space    used 8790K, committed 9088K, reserved 425984K
}
Event: 14.425 GC heap before
{Heap before GC invocations=20 (full 0):
 garbage-first heap   total 107520K, used 85150K [0x0000000080000000, 0x0000000100000000)
  region size 1024K, 29 young (29696K), 4 survivors (4096K)
 Metaspace       used 65059K, committed 65728K, reserved 491520K
  class space    used 9039K, committed 9344K, reserved 425984K
}
Event: 14.429 GC heap after
{Heap after GC invocations=21 (full 0):
 garbage-first heap   total 107520K, used 62014K [0x0000000080000000, 0x0000000100000000)
  region size 1024K, 3 young (3072K), 3 survivors (3072K)
 Metaspace       used 65059K, committed 65728K, reserved 491520K
  class space    used 9039K, committed 9344K, reserved 425984K
}
Event: 14.825 GC heap before
{Heap before GC invocations=21 (full 0):
 garbage-first heap   total 107520K, used 88638K [0x0000000080000000, 0x0000000100000000)
  region size 1024K, 30 young (30720K), 3 survivors (3072K)
 Metaspace       used 66816K, committed 67456K, reserved 491520K
  class space    used 9308K, committed 9600K, reserved 425984K
}
Event: 14.832 GC heap after
{Heap after GC invocations=22 (full 0):
 garbage-first heap   total 107520K, used 64020K [0x0000000080000000, 0x0000000100000000)
  region size 1024K, 4 young (4096K), 4 survivors (4096K)
 Metaspace       used 66816K, committed 67456K, reserved 491520K
  class space    used 9308K, committed 9600K, reserved 425984K
}

Dll operation events (14 events):
Event: 0.007 Loaded shared library C:\Program Files\Microsoft\jdk-17.0.8.7-hotspot\bin\java.dll
Event: 0.027 Loaded shared library C:\Program Files\Microsoft\jdk-17.0.8.7-hotspot\bin\jsvml.dll
Event: 0.060 Loaded shared library C:\Program Files\Microsoft\jdk-17.0.8.7-hotspot\bin\zip.dll
Event: 0.063 Loaded shared library C:\Program Files\Microsoft\jdk-17.0.8.7-hotspot\bin\instrument.dll
Event: 0.066 Loaded shared library C:\Program Files\Microsoft\jdk-17.0.8.7-hotspot\bin\net.dll
Event: 0.067 Loaded shared library C:\Program Files\Microsoft\jdk-17.0.8.7-hotspot\bin\nio.dll
Event: 0.070 Loaded shared library C:\Program Files\Microsoft\jdk-17.0.8.7-hotspot\bin\zip.dll
Event: 0.206 Loaded shared library C:\Program Files\Microsoft\jdk-17.0.8.7-hotspot\bin\jimage.dll
Event: 0.258 Loaded shared library C:\Program Files\Microsoft\jdk-17.0.8.7-hotspot\bin\verify.dll
Event: 0.381 Loaded shared library C:\Users\semin\.gradle\native\68d5fa5c4cc2d200863cafc0d521ce42e7d3e7ee720ec0a83991735586a16f82\windows-amd64\native-platform.dll
Event: 0.391 Loaded shared library C:\Users\semin\.gradle\native\e376f236ea51e6404a007f0833ffe2c6e607c4080706a723a18a27aeea778392\windows-amd64\native-platform-file-events.dll
Event: 1.058 Loaded shared library C:\Program Files\Microsoft\jdk-17.0.8.7-hotspot\bin\management.dll
Event: 1.061 Loaded shared library C:\Program Files\Microsoft\jdk-17.0.8.7-hotspot\bin\management_ext.dll
Event: 1.509 Loaded shared library C:\Program Files\Microsoft\jdk-17.0.8.7-hotspot\bin\sunmscapi.dll

Deoptimization events (20 events):
Event: 15.155 Thread 0x00000185baf4cb70 Uncommon trap: trap_request=0xffffff45 fr.pc=0x000001858f86a03c relative=0x00000000000004bc
Event: 15.155 Thread 0x00000185baf4cb70 Uncommon trap: reason=unstable_if action=reinterpret pc=0x000001858f86a03c method=org.objectweb.asm.Type.getArgumentsAndReturnSizes(Ljava/lang/String;)I @ 117 c2
Event: 15.155 Thread 0x00000185baf4cb70 DEOPT PACKING pc=0x000001858f86a03c sp=0x0000002f858f5af0
Event: 15.155 Thread 0x00000185baf4cb70 DEOPT UNPACKING pc=0x000001858efca1a3 sp=0x0000002f858f5a80 mode 2
Event: 15.155 Thread 0x00000185baf4cb70 Uncommon trap: trap_request=0xffffff45 fr.pc=0x000001858f5dc2f8 relative=0x0000000000001898
Event: 15.155 Thread 0x00000185baf4cb70 Uncommon trap: reason=unstable_if action=reinterpret pc=0x000001858f5dc2f8 method=org.objectweb.asm.Type.getArgumentsAndReturnSizes(Ljava/lang/String;)I @ 117 c2
Event: 15.155 Thread 0x00000185baf4cb70 DEOPT PACKING pc=0x000001858f5dc2f8 sp=0x0000002f858f5850
Event: 15.155 Thread 0x00000185baf4cb70 DEOPT UNPACKING pc=0x000001858efca1a3 sp=0x0000002f858f5718 mode 2
Event: 15.155 Thread 0x00000185baf4cb70 Uncommon trap: trap_request=0xffffff45 fr.pc=0x000001858f527bbc relative=0x000000000000071c
Event: 15.155 Thread 0x00000185baf4cb70 Uncommon trap: reason=unstable_if action=reinterpret pc=0x000001858f527bbc method=org.objectweb.asm.Frame.getAbstractTypeFromDescriptor(Lorg/objectweb/asm/SymbolTable;Ljava/lang/String;I)I @ 5 c2
Event: 15.155 Thread 0x00000185baf4cb70 DEOPT PACKING pc=0x000001858f527bbc sp=0x0000002f858f56e0
Event: 15.155 Thread 0x00000185baf4cb70 DEOPT UNPACKING pc=0x000001858efca1a3 sp=0x0000002f858f56a0 mode 2
Event: 15.156 Thread 0x00000185baf4cb70 Uncommon trap: trap_request=0xffffff45 fr.pc=0x000001858f834f5c relative=0x000000000000039c
Event: 15.156 Thread 0x00000185baf4cb70 Uncommon trap: reason=unstable_if action=reinterpret pc=0x000001858f834f5c method=org.objectweb.asm.MethodWriter.visitVarInsn(II)V @ 224 c2
Event: 15.156 Thread 0x00000185baf4cb70 DEOPT PACKING pc=0x000001858f834f5c sp=0x0000002f858f5a80
Event: 15.156 Thread 0x00000185baf4cb70 DEOPT UNPACKING pc=0x000001858efca1a3 sp=0x0000002f858f5a28 mode 2
Event: 15.156 Thread 0x00000185baf4cb70 Uncommon trap: trap_request=0xffffff45 fr.pc=0x000001858f7a8710 relative=0x00000000000047b0
Event: 15.156 Thread 0x00000185baf4cb70 Uncommon trap: reason=unstable_if action=reinterpret pc=0x000001858f7a8710 method=org.objectweb.asm.Type.getTypeInternal(Ljava/lang/String;II)Lorg/objectweb/asm/Type; @ 5 c2
Event: 15.156 Thread 0x00000185baf4cb70 DEOPT PACKING pc=0x000001858f7a8710 sp=0x0000002f858f5c00
Event: 15.156 Thread 0x00000185baf4cb70 DEOPT UNPACKING pc=0x000001858efca1a3 sp=0x0000002f858f5a30 mode 2

Classes unloaded (0 events):
No events

Classes redefined (0 events):
No events

Internal exceptions (20 events):
Event: 14.606 Thread 0x00000185baf4cb70 Exception <a 'java/lang/ClassNotFoundException'{0x0000000085ef6d30}: org/gradle/internal/metaobject/ConfigureDelegateBeanInfo> (0x0000000085ef6d30) 
thrown [s\src\hotspot\share\classfile\systemDictionary.cpp, line 256]
Event: 14.606 Thread 0x00000185baf4cb70 Exception <a 'java/lang/ClassNotFoundException'{0x0000000085d079e0}: org/gradle/internal/metaobject/ConfigureDelegateCustomizer> (0x0000000085d079e0) 
thrown [s\src\hotspot\share\classfile\systemDictionary.cpp, line 256]
Event: 14.609 Thread 0x00000185baf4cb70 Exception <a 'java/lang/ClassNotFoundException'{0x0000000085d4af40}: org/gradle/api/internal/initialization/DefaultScriptHandlerBeanInfo> (0x0000000085d4af40) 
thrown [s\src\hotspot\share\classfile\systemDictionary.cpp, line 256]
Event: 14.610 Thread 0x00000185baf4cb70 Exception <a 'java/lang/ClassNotFoundException'{0x0000000085d5b9d0}: org/gradle/api/internal/initialization/DefaultScriptHandlerCustomizer> (0x0000000085d5b9d0) 
thrown [s\src\hotspot\share\classfile\systemDictionary.cpp, line 256]
Event: 14.622 Thread 0x00000185baf4cb70 Exception <a 'java/lang/ClassNotFoundException'{0x0000000085988178}: org/gradle/api/internal/artifacts/dsl/DefaultRepositoryHandler_DecoratedBeanInfo> (0x0000000085988178) 
thrown [s\src\hotspot\share\classfile\systemDictionary.cpp, line 256]
Event: 14.622 Thread 0x00000185baf4cb70 Exception <a 'java/lang/ClassNotFoundException'{0x000000008599edc8}: org/gradle/api/internal/artifacts/dsl/DefaultRepositoryHandlerBeanInfo> (0x000000008599edc8) 
thrown [s\src\hotspot\share\classfile\systemDictionary.cpp, line 256]
Event: 14.623 Thread 0x00000185baf4cb70 Exception <a 'java/lang/ClassNotFoundException'{0x00000000859b5be8}: org/gradle/api/internal/artifacts/DefaultArtifactRepositoryContainerBeanInfo> (0x00000000859b5be8) 
thrown [s\src\hotspot\share\classfile\systemDictionary.cpp, line 256]
Event: 14.623 Thread 0x00000185baf4cb70 Exception <a 'java/lang/ClassNotFoundException'{0x00000000859c9be0}: org/gradle/api/internal/DefaultNamedDomainObjectListBeanInfo> (0x00000000859c9be0) 
thrown [s\src\hotspot\share\classfile\systemDictionary.cpp, line 256]
Event: 14.623 Thread 0x00000185baf4cb70 Exception <a 'java/lang/ClassNotFoundException'{0x00000000859ddd30}: org/gradle/api/internal/DefaultNamedDomainObjectCollectionBeanInfo> (0x00000000859ddd30) 
thrown [s\src\hotspot\share\classfile\systemDictionary.cpp, line 256]
Event: 14.623 Thread 0x00000185baf4cb70 Exception <a 'java/lang/ClassNotFoundException'{0x00000000859f1d28}: org/gradle/api/internal/DefaultDomainObjectCollectionBeanInfo> (0x00000000859f1d28) 
thrown [s\src\hotspot\share\classfile\systemDictionary.cpp, line 256]
Event: 14.624 Thread 0x00000185baf4cb70 Exception <a 'java/lang/ClassNotFoundException'{0x0000000085806598}: org/gradle/api/internal/DefaultDomainObjectCollectionCustomizer> (0x0000000085806598) 
thrown [s\src\hotspot\share\classfile\systemDictionary.cpp, line 256]
Event: 14.625 Thread 0x00000185baf4cb70 Exception <a 'java/lang/ClassNotFoundException'{0x000000008583aa80}: org/gradle/api/internal/DefaultNamedDomainObjectCollectionCustomizer> (0x000000008583aa80) 
thrown [s\src\hotspot\share\classfile\systemDictionary.cpp, line 256]
Event: 14.627 Thread 0x00000185baf4cb70 Exception <a 'java/lang/ClassNotFoundException'{0x00000000858763f0}: org/gradle/api/internal/DefaultNamedDomainObjectListCustomizer> (0x00000000858763f0) 
thrown [s\src\hotspot\share\classfile\systemDictionary.cpp, line 256]
Event: 14.629 Thread 0x00000185baf4cb70 Exception <a 'java/lang/ClassNotFoundException'{0x00000000858a7f58}: org/gradle/api/internal/artifacts/DefaultArtifactRepositoryContainerCustomizer> (0x00000000858a7f58) 
thrown [s\src\hotspot\share\classfile\systemDictionary.cpp, line 256]
Event: 14.630 Thread 0x00000185baf4cb70 Exception <a 'java/lang/ClassNotFoundException'{0x00000000858d0880}: org/gradle/api/internal/artifacts/dsl/DefaultRepositoryHandlerCustomizer> (0x00000000858d0880) 
thrown [s\src\hotspot\share\classfile\systemDictionary.cpp, line 256]
Event: 14.632 Thread 0x00000185baf4cb70 Exception <a 'java/lang/ClassNotFoundException'{0x0000000085707760}: org/gradle/api/internal/artifacts/dsl/DefaultRepositoryHandler_DecoratedCustomizer> (0x0000000085707760) 
thrown [s\src\hotspot\share\classfile\systemDictionary.cpp, line 256]
Event: 14.642 Thread 0x00000185baf4cb70 Exception <a 'java/lang/ClassNotFoundException'{0x00000000857a13d0}: org/gradle/api/internal/artifacts/dsl/dependencies/DefaultDependencyHandler_DecoratedBeanInfo> (0x00000000857a13d0) 
thrown [s\src\hotspot\share\classfile\systemDictionary.cpp, line 256]
Event: 14.643 Thread 0x00000185baf4cb70 Exception <a 'java/lang/ClassNotFoundException'{0x00000000857b7b68}: org/gradle/api/internal/artifacts/dsl/dependencies/DefaultDependencyHandlerBeanInfo> (0x00000000857b7b68) 
thrown [s\src\hotspot\share\classfile\systemDictionary.cpp, line 256]
Event: 14.643 Thread 0x00000185baf4cb70 Exception <a 'java/lang/ClassNotFoundException'{0x00000000857cdd70}: org/gradle/api/internal/artifacts/dsl/dependencies/DefaultDependencyHandlerCustomizer> (0x00000000857cdd70) 
thrown [s\src\hotspot\share\classfile\systemDictionary.cpp, line 256]
Event: 14.645 Thread 0x00000185baf4cb70 Exception <a 'java/lang/ClassNotFoundException'{0x000000008560b358}: org/gradle/api/internal/artifacts/dsl/dependencies/DefaultDependencyHandler_DecoratedCustomizer> (0x000000008560b358) 
thrown [s\src\hotspot\share\classfile\systemDictionary.cpp, line 256]

VM Operations (20 events):
Event: 14.083 Executing VM operation: G1CollectForAllocation
Event: 14.087 Executing VM operation: G1CollectForAllocation done
Event: 14.115 Executing VM operation: G1PauseRemark
Event: 14.117 Executing VM operation: G1PauseRemark done
Event: 14.125 Executing VM operation: G1PauseCleanup
Event: 14.126 Executing VM operation: G1PauseCleanup done
Event: 14.425 Executing VM operation: G1CollectForAllocation
Event: 14.429 Executing VM operation: G1CollectForAllocation done
Event: 14.529 Executing VM operation: HandshakeAllThreads
Event: 14.529 Executing VM operation: HandshakeAllThreads done
Event: 14.696 Executing VM operation: HandshakeAllThreads
Event: 14.696 Executing VM operation: HandshakeAllThreads done
Event: 14.824 Executing VM operation: G1CollectForAllocation
Event: 14.832 Executing VM operation: G1CollectForAllocation done
Event: 14.862 Executing VM operation: G1PauseRemark
Event: 14.865 Executing VM operation: G1PauseRemark done
Event: 14.877 Executing VM operation: G1PauseCleanup
Event: 14.877 Executing VM operation: G1PauseCleanup done
Event: 15.155 Executing VM operation: HandshakeAllThreads
Event: 15.156 Executing VM operation: HandshakeAllThreads done

Events (20 events):
Event: 13.037 loading class sun/reflect/misc/MethodUtil$1
Event: 13.037 loading class sun/reflect/misc/MethodUtil$1 done
Event: 13.041 Thread 0x00000185bd17c1f0 Thread added: 0x00000185bd17c1f0
Event: 14.156 loading class java/util/ArrayList$SubList$1
Event: 14.157 loading class java/util/ArrayList$SubList$1 done
Event: 14.164 loading class java/lang/Override
Event: 14.164 loading class java/lang/Override done
Event: 14.563 loading class java/lang/AbstractMethodError
Event: 14.564 loading class java/lang/AbstractMethodError done
Event: 14.576 loading class java/nio/channels/Channels$1
Event: 14.576 loading class java/nio/channels/Channels$1 done
Event: 14.653 Thread 0x00000185bd17a390 Thread added: 0x00000185bd17a390
Event: 14.810 loading class java/net/InetAddress$CachedLocalHost
Event: 14.810 loading class java/net/InetAddress$CachedLocalHost done
Event: 15.033 Thread 0x00000185bbeea220 Thread added: 0x00000185bbeea220
Event: 15.162 Thread 0x00000185ff84c5d0 flushing nmethod 0x0000018587e63190
Event: 15.163 Thread 0x00000185ff84c5d0 flushing nmethod 0x0000018587edfa90
Event: 15.163 Thread 0x00000185ff84c5d0 flushing nmethod 0x0000018587ee0e10
Event: 15.163 Thread 0x00000185ff84c5d0 flushing nmethod 0x0000018587faa010
Event: 15.166 Thread 0x00000185ff84c5d0 flushing nmethod 0x00000185881c8f90


Dynamic libraries:
0x00007ff6006a0000 - 0x00007ff6006ae000 	C:\Program Files\Microsoft\jdk-17.0.8.7-hotspot\bin\java.exe
0x00007ffa4b7b0000 - 0x00007ffa4b9c7000 	C:\WINDOWS\SYSTEM32\ntdll.dll
0x00007ffa4ae10000 - 0x00007ffa4aed4000 	C:\WINDOWS\System32\KERNEL32.DLL
0x00007ffa49060000 - 0x00007ffa49406000 	C:\WINDOWS\System32\KERNELBASE.dll
0x00007ffa48e30000 - 0x00007ffa48f41000 	C:\WINDOWS\System32\ucrtbase.dll
0x00007ffa323a0000 - 0x00007ffa323bb000 	C:\Program Files\Microsoft\jdk-17.0.8.7-hotspot\bin\VCRUNTIME140.dll
0x00007ffa323c0000 - 0x00007ffa323d7000 	C:\Program Files\Microsoft\jdk-17.0.8.7-hotspot\bin\jli.dll
0x00007ffa4aac0000 - 0x00007ffa4ac6e000 	C:\WINDOWS\System32\USER32.dll
0x00007ffa49410000 - 0x00007ffa49436000 	C:\WINDOWS\System32\win32u.dll
0x00007ffa496d0000 - 0x00007ffa496f9000 	C:\WINDOWS\System32\GDI32.dll
0x00007ffa2c3d0000 - 0x00007ffa2c663000 	C:\WINDOWS\WinSxS\amd64_microsoft.windows.common-controls_6595b64144ccf1df_6.0.22621.2506_none_270c5ae97388e100\COMCTL32.dll
0x00007ffa48d10000 - 0x00007ffa48e28000 	C:\WINDOWS\System32\gdi32full.dll
0x00007ffa4a800000 - 0x00007ffa4a8a7000 	C:\WINDOWS\System32\msvcrt.dll
0x00007ffa48fc0000 - 0x00007ffa4905a000 	C:\WINDOWS\System32\msvcp_win.dll
0x00007ffa49770000 - 0x00007ffa497a1000 	C:\WINDOWS\System32\IMM32.DLL
0x00007ffa32cc0000 - 0x00007ffa32ccc000 	C:\Program Files\Microsoft\jdk-17.0.8.7-hotspot\bin\vcruntime140_1.dll
0x00007ff9f7400000 - 0x00007ff9f748d000 	C:\Program Files\Microsoft\jdk-17.0.8.7-hotspot\bin\msvcp140.dll
0x00007ff990d50000 - 0x00007ff9919b5000 	C:\Program Files\Microsoft\jdk-17.0.8.7-hotspot\bin\server\jvm.dll
0x00007ffa4aa00000 - 0x00007ffa4aab3000 	C:\WINDOWS\System32\ADVAPI32.dll
0x00007ffa4b650000 - 0x00007ffa4b6f8000 	C:\WINDOWS\System32\sechost.dll
0x00007ffa48af0000 - 0x00007ffa48b18000 	C:\WINDOWS\System32\bcrypt.dll
0x00007ffa4af00000 - 0x00007ffa4b017000 	C:\WINDOWS\System32\RPCRT4.dll
0x00007ffa47950000 - 0x00007ffa4799d000 	C:\WINDOWS\SYSTEM32\POWRPROF.dll
0x00007ffa3e730000 - 0x00007ffa3e764000 	C:\WINDOWS\SYSTEM32\WINMM.dll
0x00007ff9f7c80000 - 0x00007ff9f7c89000 	C:\WINDOWS\SYSTEM32\WSOCK32.dll
0x00007ffa3dab0000 - 0x00007ffa3daba000 	C:\WINDOWS\SYSTEM32\VERSION.dll
0x00007ffa4b3b0000 - 0x00007ffa4b421000 	C:\WINDOWS\System32\WS2_32.dll
0x00007ffa47930000 - 0x00007ffa47943000 	C:\WINDOWS\SYSTEM32\UMPDC.dll
0x00007ffa47bf0000 - 0x00007ffa47c08000 	C:\WINDOWS\SYSTEM32\kernel.appcore.dll
0x00007ffa32660000 - 0x00007ffa3266a000 	C:\Program Files\Microsoft\jdk-17.0.8.7-hotspot\bin\jimage.dll
0x00007ffa46060000 - 0x00007ffa46293000 	C:\WINDOWS\SYSTEM32\DBGHELP.DLL
0x00007ffa4b020000 - 0x00007ffa4b3a9000 	C:\WINDOWS\System32\combase.dll
0x00007ffa49820000 - 0x00007ffa498f7000 	C:\WINDOWS\System32\OLEAUT32.dll
0x00007ffa35560000 - 0x00007ffa35592000 	C:\WINDOWS\SYSTEM32\dbgcore.DLL
0x00007ffa48c90000 - 0x00007ffa48d0a000 	C:\WINDOWS\System32\bcryptPrimitives.dll
0x00007ffa1dc10000 - 0x00007ffa1dc1e000 	C:\Program Files\Microsoft\jdk-17.0.8.7-hotspot\bin\instrument.dll
0x00007ffa1e190000 - 0x00007ffa1e1b5000 	C:\Program Files\Microsoft\jdk-17.0.8.7-hotspot\bin\java.dll
0x00007ff9f3960000 - 0x00007ff9f3a37000 	C:\Program Files\Microsoft\jdk-17.0.8.7-hotspot\bin\jsvml.dll
0x00007ffa49fa0000 - 0x00007ffa4a7fa000 	C:\WINDOWS\System32\SHELL32.dll
0x00007ffa46a00000 - 0x00007ffa472f6000 	C:\WINDOWS\SYSTEM32\windows.storage.dll
0x00007ffa468c0000 - 0x00007ffa469fe000 	C:\WINDOWS\SYSTEM32\wintypes.dll
0x00007ffa4b450000 - 0x00007ffa4b543000 	C:\WINDOWS\System32\SHCORE.dll
0x00007ffa49700000 - 0x00007ffa4975e000 	C:\WINDOWS\System32\shlwapi.dll
0x00007ffa48a20000 - 0x00007ffa48a46000 	C:\WINDOWS\SYSTEM32\profapi.dll
0x00007ffa1dc20000 - 0x00007ffa1dc38000 	C:\Program Files\Microsoft\jdk-17.0.8.7-hotspot\bin\zip.dll
0x00007ffa1e020000 - 0x00007ffa1e039000 	C:\Program Files\Microsoft\jdk-17.0.8.7-hotspot\bin\net.dll
0x00007ffa40660000 - 0x00007ffa40797000 	C:\WINDOWS\SYSTEM32\WINHTTP.dll
0x00007ffa48090000 - 0x00007ffa480f9000 	C:\WINDOWS\system32\mswsock.dll
0x00007ffa1e000000 - 0x00007ffa1e016000 	C:\Program Files\Microsoft\jdk-17.0.8.7-hotspot\bin\nio.dll
0x00007ffa1e5b0000 - 0x00007ffa1e5c0000 	C:\Program Files\Microsoft\jdk-17.0.8.7-hotspot\bin\verify.dll
0x00007ffa16520000 - 0x00007ffa16547000 	C:\Users\semin\.gradle\native\68d5fa5c4cc2d200863cafc0d521ce42e7d3e7ee720ec0a83991735586a16f82\windows-amd64\native-platform.dll
0x00007ff9f3810000 - 0x00007ff9f3954000 	C:\Users\semin\.gradle\native\e376f236ea51e6404a007f0833ffe2c6e607c4080706a723a18a27aeea778392\windows-amd64\native-platform-file-events.dll
0x00007ffa1e180000 - 0x00007ffa1e189000 	C:\Program Files\Microsoft\jdk-17.0.8.7-hotspot\bin\management.dll
0x00007ffa1dff0000 - 0x00007ffa1dffb000 	C:\Program Files\Microsoft\jdk-17.0.8.7-hotspot\bin\management_ext.dll
0x00007ffa4aee0000 - 0x00007ffa4aee8000 	C:\WINDOWS\System32\PSAPI.DLL
0x00007ffa482e0000 - 0x00007ffa482fb000 	C:\WINDOWS\SYSTEM32\CRYPTSP.dll
0x00007ffa47b50000 - 0x00007ffa47b85000 	C:\WINDOWS\system32\rsaenh.dll
0x00007ffa48180000 - 0x00007ffa481ac000 	C:\WINDOWS\SYSTEM32\USERENV.dll
0x00007ffa48300000 - 0x00007ffa4830c000 	C:\WINDOWS\SYSTEM32\CRYPTBASE.dll
0x00007ffa47610000 - 0x00007ffa4763d000 	C:\WINDOWS\SYSTEM32\IPHLPAPI.DLL
0x00007ffa49500000 - 0x00007ffa49509000 	C:\WINDOWS\System32\NSI.dll
0x00007ffa40230000 - 0x00007ffa40249000 	C:\WINDOWS\SYSTEM32\dhcpcsvc6.DLL
0x00007ffa40190000 - 0x00007ffa401af000 	C:\WINDOWS\SYSTEM32\dhcpcsvc.DLL
0x00007ffa47640000 - 0x00007ffa47739000 	C:\WINDOWS\SYSTEM32\DNSAPI.dll
0x00007ffa1bc70000 - 0x00007ffa1bc7e000 	C:\Program Files\Microsoft\jdk-17.0.8.7-hotspot\bin\sunmscapi.dll
0x00007ffa48b20000 - 0x00007ffa48c86000 	C:\WINDOWS\System32\CRYPT32.dll
0x00007ffa48480000 - 0x00007ffa484ae000 	C:\WINDOWS\SYSTEM32\ncrypt.dll
0x00007ffa48440000 - 0x00007ffa48477000 	C:\WINDOWS\SYSTEM32\NTASN1.dll
0x00007ffa0a040000 - 0x00007ffa0a048000 	C:\WINDOWS\system32\wshunix.dll
0x00007ffa3f0d0000 - 0x00007ffa3f0da000 	C:\Windows\System32\rasadhlp.dll
0x00007ffa3f100000 - 0x00007ffa3f183000 	C:\WINDOWS\System32\fwpuclnt.dll
0x00007ffa0d870000 - 0x00007ffa0d887000 	C:\WINDOWS\system32\napinsp.dll
0x00007ffa0d850000 - 0x00007ffa0d86b000 	C:\WINDOWS\system32\pnrpnsp.dll
0x00007ffa0d830000 - 0x00007ffa0d841000 	C:\WINDOWS\System32\winrnr.dll
0x00007ffa12c30000 - 0x00007ffa12c45000 	C:\WINDOWS\system32\wshbth.dll
0x00007ffa0d800000 - 0x00007ffa0d821000 	C:\WINDOWS\system32\nlansp_c.dll

dbghelp: loaded successfully - version: 4.0.5 - missing functions: none
symbol engine: initialized successfully - sym options: 0x614 - pdb path: .;C:\Program Files\Microsoft\jdk-17.0.8.7-hotspot\bin;C:\WINDOWS\SYSTEM32;C:\WINDOWS\WinSxS\amd64_microsoft.windows.common-controls_6595b64144ccf1df_6.0.22621.2506_none_270c5ae97388e100;C:\Program Files\Microsoft\jdk-17.0.8.7-hotspot\bin\server;C:\Users\semin\.gradle\native\68d5fa5c4cc2d200863cafc0d521ce42e7d3e7ee720ec0a83991735586a16f82\windows-amd64;C:\Users\semin\.gradle\native\e376f236ea51e6404a007f0833ffe2c6e607c4080706a723a18a27aeea778392\windows-amd64

VM Arguments:
jvm_args: -XX:MaxMetaspaceSize=512m --add-opens=java.base/java.util=ALL-UNNAMED --add-opens=java.base/java.lang=ALL-UNNAMED --add-opens=java.base/java.lang.invoke=ALL-UNNAMED --add-opens=java.prefs/java.util.prefs=ALL-UNNAMED --add-opens=java.base/java.nio.charset=ALL-UNNAMED --add-opens=java.base/java.net=ALL-UNNAMED --add-opens=java.base/java.util.concurrent.atomic=ALL-UNNAMED -Xmx2048m -Dfile.encoding=windows-1252 -Duser.country=US -Duser.language=en -Duser.variant -javaagent:C:\Users\semin\.gradle\wrapper\dists\gradle-8.3-all\6en3ugtfdg5xnpx44z4qbwgas\gradle-8.3\lib\agents\gradle-instrumentation-agent-8.3.jar 
java_command: org.gradle.launcher.daemon.bootstrap.GradleDaemon 8.3
java_class_path (initial): C:\Users\semin\.gradle\wrapper\dists\gradle-8.3-all\6en3ugtfdg5xnpx44z4qbwgas\gradle-8.3\lib\gradle-launcher-8.3.jar
Launcher Type: SUN_STANDARD

[Global flags]
     intx CICompilerCount                          = 4                                         {product} {ergonomic}
   size_t CompressedClassSpaceSize                 = 436207616                                 {product} {ergonomic}
     uint ConcGCThreads                            = 3                                         {product} {ergonomic}
     uint G1ConcRefinementThreads                  = 10                                        {product} {ergonomic}
   size_t G1HeapRegionSize                         = 1048576                                   {product} {ergonomic}
    uintx GCDrainStackTargetSize                   = 64                                        {product} {ergonomic}
   size_t InitialHeapSize                          = 130023424                                 {product} {ergonomic}
   size_t MarkStackSize                            = 4194304                                   {product} {ergonomic}
   size_t MaxHeapSize                              = 2147483648                                {product} {command line}
   size_t MaxMetaspaceSize                         = 536870912                                 {product} {command line}
   size_t MaxNewSize                               = 1287651328                                {product} {ergonomic}
   size_t MinHeapDeltaBytes                        = 1048576                                   {product} {ergonomic}
   size_t MinHeapSize                              = 8388608                                   {product} {ergonomic}
    uintx NonNMethodCodeHeapSize                   = 5839372                                {pd product} {ergonomic}
    uintx NonProfiledCodeHeapSize                  = 122909434                              {pd product} {ergonomic}
    uintx ProfiledCodeHeapSize                     = 122909434                              {pd product} {ergonomic}
    uintx ReservedCodeCacheSize                    = 251658240                              {pd product} {ergonomic}
     bool SegmentedCodeCache                       = true                                      {product} {ergonomic}
   size_t SoftMaxHeapSize                          = 2147483648                             {manageable} {ergonomic}
     bool UseCompressedClassPointers               = true                           {product lp64_product} {ergonomic}
     bool UseCompressedOops                        = true                           {product lp64_product} {ergonomic}
     bool UseG1GC                                  = true                                      {product} {ergonomic}
     bool UseLargePagesIndividualAllocation        = false                                  {pd product} {ergonomic}

Logging:
Log output configuration:
 #0: stdout all=warning uptime,level,tags
 #1: stderr all=off uptime,level,tags

Environment Variables:
JAVA_HOME=C:\Program Files\Microsoft\jdk-17.0.8.7-hotspot\
CLASSPATH=C:\Users\semin\AplikasiLaundry\android\\gradle\wrapper\gradle-wrapper.jar
PATH=C:\Users\semin\AplikasiLaundry\node_modules\.bin;C:\Users\semin\AplikasiLaundry\node_modules\.bin;C:\Users\semin\node_modules\.bin;C:\Users\node_modules\.bin;C:\node_modules\.bin;C:\Program Files\nodejs\node_modules\npm\node_modules\@npmcli\run-script\lib\node-gyp-bin;C:\Users\semin\AplikasiLaundry\node_modules\.bin;C:\Users\semin\node_modules\.bin;C:\Users\node_modules\.bin;C:\node_modules\.bin;C:\Program Files\nodejs\node_modules\npm\node_modules\@npmcli\run-script\lib\node-gyp-bin;C:\Program Files\Microsoft\jdk-17.0.8.7-hotspot\bin;C:\Windows\system32;C:\Windows;C:\Windows\System32\Wbem;C:\Windows\System32\WindowsPowerShell\v1.0\;C:\Windows\System32\OpenSSH\;C:\Program Files (x86)\NVIDIA Corporation\PhysX\Common;C:\Program Files\NVIDIA Corporation\NVIDIA NvDLISR;C:\WINDOWS\system32;C:\WINDOWS;C:\WINDOWS\System32\Wbem;C:\WINDOWS\System32\WindowsPowerShell\v1.0\;C:\WINDOWS\System32\OpenSSH\;C:\ProgramData\chocolatey\bin;C:\Program Files\nodejs\;C:\Users\semin\AppData\Local\Android\Sdk\platform-tools;C:\Program Files\MATLAB\R2013a\runtime\win64;C:\Program Files\MATLAB\R2013a\bin;C:\Program Files\dotnet\;C:\Users\semin\AppData\Local\Microsoft\WindowsApps;C:\Users\semin\AppData\Local\Programs\Microsoft VS Code\bin;C:\Users\semin\AppData\Roaming\npm;C:\Users\semin\AppData\Local\Android\Sdk\platform-tools;
USERNAME=semin
LANG=en_US.UTF-8
OS=Windows_NT
PROCESSOR_IDENTIFIER=Intel64 Family 6 Model 141 Stepping 1, GenuineIntel
TMP=C:\Users\semin\AppData\Local\Temp
TEMP=C:\Users\semin\AppData\Local\Temp



---------------  S Y S T E M  ---------------

OS:
 Windows 11 , 64 bit Build 22621 (10.0.22621.2506)
OS uptime: 1 days 2:44 hours
Hyper-V role detected

CPU: total 12 (initial active 12) (6 cores per cpu, 2 threads per core) family 6 model 141 stepping 1 microcode 0x34, cx8, cmov, fxsr, ht, mmx, 3dnowpref, sse, sse2, sse3, ssse3, sse4.1, sse4.2, popcnt, lzcnt, tsc, tscinvbit, avx, avx2, aes, erms, clmul, bmi1, bmi2, adx, avx512f, avx512dq, avx512cd, avx512bw, avx512vl, sha, fma, vzeroupper, avx512_vpopcntdq, avx512_vpclmulqdq, avx512_vaes, avx512_vnni, clflush, clflushopt, clwb, avx512_vbmi2, avx512_vbmi, hv
Processor Information for all 12 processors :
  Max Mhz: 2688, Current Mhz: 2688, Mhz Limit: 2688

Memory: 4k page, system-wide physical 7913M (449M free)
TotalPageFile size 27680M (AvailPageFile size 12M)
current process WorkingSet (physical memory assigned to process): 325M, peak: 332M
current process commit charge ("private bytes"): 368M, peak: 376M

vm_info: OpenJDK 64-Bit Server VM (17.0.8+7-LTS) for windows-amd64 JRE (17.0.8+7-LTS), built on Jul  7 2023 17:21:55 by "MicrosoftCorporation" with MS VC++ 16.10 / 16.11 (VS2019)

END.
